<?xml version="1.0" encoding="UTF-8"?>
<!-- Generated by org.testng.reporters.JUnitReportReporter -->
<testsuite skipped="0" hostname="DESKTOP-9B2566O" name="com.test.LivingPageTest" tests="4" failures="0" timestamp="01 Aug 2020 14:04:18 GMT" time="2.093" errors="0">
  <testcase name="livingMenuDisplay" time="0.707" classname="com.test.LivingPageTest"/>
  <testcase name="sofa_setSubmenu_Display" time="0.302" classname="com.test.LivingPageTest"/>
  <testcase name="getSofa_set_SubmenuText" time="0.242" classname="com.test.LivingPageTest"/>
  <testcase name="getSofasetItems" time="0.842" classname="com.test.LivingPageTest"/>
</testsuite> <!-- com.test.LivingPageTest -->
